::1 - - [21/Apr/2019:14:37:39 +0000] "GET /api/patients/ HTTP/1.1" 200 145
::1 - - [21/Apr/2019:14:37:40 +0000] "GET /api/patients/ HTTP/1.1" 200 145
::1 - - [21/Apr/2019:14:37:42 +0000] "GET /api/patients/ HTTP/1.1" 200 145
::1 - - [21/Apr/2019:14:50:58 +0000] "GET /api/patients/ HTTP/1.1" 200 145
::1 - - [22/Apr/2019:14:52:51 +0000] "GET / HTTP/1.1" 200 94
::1 - - [22/Apr/2019:14:52:51 +0000] "GET /favicon.ico HTTP/1.1" 404 150
::1 - - [22/Apr/2019:14:52:57 +0000] "GET / HTTP/1.1" 304 -
::1 - - [22/Apr/2019:16:18:51 +0000] "POST /api/patients/?name=%22Donal%20Duck%22 HTTP/1.1" 400 18
::1 - - [22/Apr/2019:16:20:24 +0000] "POST /api/patients/ HTTP/1.1" 200 30
::1 - - [22/Apr/2019:16:21:22 +0000] "GET /api/patients/ HTTP/1.1" 200 176
::1 - - [22/Apr/2019:16:22:22 +0000] "GET /api/patients/ HTTP/1.1" 200 145
::1 - - [22/Apr/2019:16:23:04 +0000] "POST /api/patients/ HTTP/1.1" 200 30
::1 - - [22/Apr/2019:16:23:27 +0000] "GET /api/patients/ HTTP/1.1" 200 176
::1 - - [22/Apr/2019:16:24:35 +0000] "POST /api/patients/ HTTP/1.1" 200 30
::1 - - [22/Apr/2019:16:50:57 +0000] "GET /api/patients/ HTTP/1.1" 200 145
::1 - - [22/Apr/2019:16:55:45 +0000] "GET /api/patients/ HTTP/1.1" 200 145
::1 - - [22/Apr/2019:18:00:21 +0000] "GET /readme.txt HTTP/1.1" 304 -
::1 - - [22/Apr/2019:18:00:21 +0000] "GET /readme.txt?_=1555956021666 HTTP/1.1" 200 24
::1 - - [23/Apr/2019:10:39:56 +0000] "GET /api/patients/ HTTP/1.1" 200 145
::1 - - [23/Apr/2019:10:40:13 +0000] "POST /api/patients/ HTTP/1.1" 200 31
::1 - - [23/Apr/2019:10:40:23 +0000] "POST /api/patients/ HTTP/1.1" 200 35
::1 - - [23/Apr/2019:10:40:29 +0000] "POST /api/patients/ HTTP/1.1" 200 40
::1 - - [23/Apr/2019:10:40:39 +0000] "POST /api/patients/ HTTP/1.1" 200 47
::1 - - [23/Apr/2019:10:41:08 +0000] "POST /api/patients/ HTTP/1.1" 400 48
::1 - - [23/Apr/2019:10:41:19 +0000] "POST /api/patients/ HTTP/1.1" 400 48
::1 - - [23/Apr/2019:10:41:39 +0000] "POST /api/patients/ HTTP/1.1" 400 48
::1 - - [23/Apr/2019:10:43:55 +0000] "POST /api/patients/ HTTP/1.1" 400 48
::1 - - [23/Apr/2019:10:45:12 +0000] "GET /api/patients/ HTTP/1.1" 200 145
::1 - - [23/Apr/2019:10:45:44 +0000] "GET /api/patients/ HTTP/1.1" 200 145
::1 - - [23/Apr/2019:10:45:47 +0000] "GET /api/patients/ HTTP/1.1" 200 145
::1 - - [23/Apr/2019:10:46:04 +0000] "POST /api/patients/ HTTP/1.1" 400 48
::1 - - [23/Apr/2019:10:46:12 +0000] "POST /api/patients/ HTTP/1.1" 400 48
::1 - - [23/Apr/2019:10:46:14 +0000] "POST /api/patients/ HTTP/1.1" 400 48
::1 - - [23/Apr/2019:10:46:27 +0000] "GET /api/patients/ HTTP/1.1" 200 145
::1 - - [23/Apr/2019:11:46:08 +0000] "GET / HTTP/1.1" 200 94
::1 - - [23/Apr/2019:11:46:16 +0000] "GET / HTTP/1.1" 200 94
::1 - - [23/Apr/2019:11:46:37 +0000] "GET / HTTP/1.1" 304 -
::1 - - [23/Apr/2019:11:46:38 +0000] "GET /favicon.ico HTTP/1.1" 404 150
::1 - - [23/Apr/2019:11:47:22 +0000] "GET / HTTP/1.1" 200 112
::1 - - [23/Apr/2019:11:48:12 +0000] "GET / HTTP/1.1" 200 116
::1 - - [23/Apr/2019:11:53:58 +0000] "GET /api/studies/date/2019/04/14 HTTP/1.1" 200 39
::1 - - [23/Apr/2019:11:54:10 +0000] "GET /api/studies/date/2019/04/23 HTTP/1.1" 200 39
::1 - - [23/Apr/2019:11:55:52 +0000] "GET /api/studies/date/2019/04/23 HTTP/1.1" 304 -
::1 - - [23/Apr/2019:11:55:54 +0000] "GET /api/studies/date/2019/04/23 HTTP/1.1" 304 -
::1 - - [23/Apr/2019:11:56:39 +0000] "GET /api/studies/date/2019/04/23 HTTP/1.1" 304 -
::1 - - [23/Apr/2019:12:01:28 +0000] "GET / HTTP/1.1" 304 -
::1 - - [23/Apr/2019:12:01:34 +0000] "GET / HTTP/1.1" 304 -
::1 - - [23/Apr/2019:12:01:36 +0000] "GET / HTTP/1.1" 304 -
::1 - - [23/Apr/2019:12:02:20 +0000] "GET / HTTP/1.1" 200 122
::1 - - [23/Apr/2019:12:02:53 +0000] "GET / HTTP/1.1" 200 112
::1 - - [23/Apr/2019:12:03:27 +0000] "GET / HTTP/1.1" 200 112
::1 - - [23/Apr/2019:12:03:43 +0000] "GET / HTTP/1.1" 200 112
::1 - - [23/Apr/2019:12:04:23 +0000] "GET / HTTP/1.1" 200 200
::1 - - [23/Apr/2019:14:54:06 +0000] "GET / HTTP/1.1" 304 -
::1 - - [23/Apr/2019:14:54:08 +0000] "GET / HTTP/1.1" 304 -
::1 - - [23/Apr/2019:14:54:10 +0000] "GET / HTTP/1.1" 304 -
::1 - - [23/Apr/2019:14:57:46 +0000] "GET / HTTP/1.1" 304 -
::1 - - [23/Apr/2019:14:57:49 +0000] "GET / HTTP/1.1" 304 -
::1 - - [23/Apr/2019:14:57:54 +0000] "GET / HTTP/1.1" 304 -
::1 - - [23/Apr/2019:15:08:12 +0000] "GET /api/patients HTTP/1.1" 200 145
::1 - - [23/Apr/2019:15:10:43 +0000] "GET /api/patients HTTP/1.1" 200 145
::1 - - [23/Apr/2019:15:10:46 +0000] "GET /api/patients HTTP/1.1" 200 145
::1 - - [23/Apr/2019:15:14:55 +0000] "GET /api/patients HTTP/1.1" 200 145
::1 - - [23/Apr/2019:15:14:56 +0000] "GET /api/patients HTTP/1.1" 200 145
::1 - - [23/Apr/2019:15:14:58 +0000] "GET /api/patients HTTP/1.1" 200 145
::1 - - [23/Apr/2019:15:15:30 +0000] "POST /api/patients/ HTTP/1.1" 500 1237
::1 - - [23/Apr/2019:15:17:21 +0000] "POST /api/patients/ HTTP/1.1" 200 32
::1 - - [23/Apr/2019:15:17:45 +0000] "GET /api/patients HTTP/1.1" 200 178
::1 - - [23/Apr/2019:15:27:56 +0000] "GET /api/studies HTTP/1.1" 404 150
::1 - - [23/Apr/2019:15:28:23 +0000] "GET /api/studies/2019/04/23 HTTP/1.1" 404 161
::1 - - [23/Apr/2019:15:28:29 +0000] "GET /api/studies/2019/04/23 HTTP/1.1" 404 161
::1 - - [23/Apr/2019:15:29:05 +0000] "GET /api/studies/date/2019/04/23 HTTP/1.1" 200 39
::1 - - [23/Apr/2019:15:29:10 +0000] "GET /api/studies/date/2019/04/23 HTTP/1.1" 200 39
::1 - - [23/Apr/2019:15:29:12 +0000] "GET /api/studies/date/2019/04/23 HTTP/1.1" 200 39
::1 - - [23/Apr/2019:15:29:13 +0000] "GET /api/studies/date/2019/04/23 HTTP/1.1" 200 39
::1 - - [23/Apr/2019:15:29:14 +0000] "GET /api/studies/date/2019/04/23 HTTP/1.1" 200 39
::1 - - [23/Apr/2019:15:29:46 +0000] "GET /api/studies/date/2019/04/23 HTTP/1.1" 200 39
::1 - - [23/Apr/2019:15:29:48 +0000] "GET /api/studies/date/2019/04/23 HTTP/1.1" 200 39
::1 - - [23/Apr/2019:16:02:35 +0000] "GET /api/studies/date/2019/04/23 HTTP/1.1" 200 39
::1 - - [23/Apr/2019:16:02:44 +0000] "GET /api/patients HTTP/1.1" 200 145
::1 - - [23/Apr/2019:16:02:47 +0000] "GET /api/patients HTTP/1.1" 200 145
::1 - - [23/Apr/2019:16:02:51 +0000] "GET /api/patients HTTP/1.1" 200 145
::1 - - [23/Apr/2019:16:04:12 +0000] "GET /api/patients HTTP/1.1" 200 145
::1 - - [23/Apr/2019:16:04:15 +0000] "GET /api/patients HTTP/1.1" 200 145
::1 - - [23/Apr/2019:16:07:21 +0000] "GET /api/studies/date/2019/04/23 HTTP/1.1" 304 -
::1 - - [23/Apr/2019:16:07:23 +0000] "GET /api/studies/date/2019/04/23 HTTP/1.1" 304 -
::1 - - [23/Apr/2019:16:07:30 +0000] "GET / HTTP/1.1" 304 -
::1 - - [23/Apr/2019:16:07:35 +0000] "GET / HTTP/1.1" 304 -
::1 - - [23/Apr/2019:16:07:37 +0000] "GET / HTTP/1.1" 304 -
::1 - - [23/Apr/2019:16:07:38 +0000] "GET / HTTP/1.1" 304 -
::1 - - [23/Apr/2019:16:07:55 +0000] "GET / HTTP/1.1" 304 -
